0 info it worked if it ends with ok
1 verbose cli [ 'C:\\applications\\nodejs\\node.exe',
1 verbose cli   'C:\\applications\\nodejs\\node_modules\\npm\\bin\\npm-cli.js',
1 verbose cli   'start' ]
2 info using npm@4.0.2
3 info using node@v6.9.1
4 verbose run-script [ 'prestart', 'start', 'poststart' ]
5 info lifecycle ifatab_node@1.0.0~prestart: ifatab_node@1.0.0
6 silly lifecycle ifatab_node@1.0.0~prestart: no script for prestart, continuing
7 info lifecycle ifatab_node@1.0.0~start: ifatab_node@1.0.0
8 verbose lifecycle ifatab_node@1.0.0~start: unsafe-perm in lifecycle true
9 verbose lifecycle ifatab_node@1.0.0~start: PATH: C:\applications\nodejs\node_modules\npm\bin\node-gyp-bin;C:\Users\QXGN2122\Desktop\IFATAB\ifatab_node\node_modules\.bin;C:\EasyPHP-DevServer-14.1VC11\binaries\php\php_runningversion;C:\Applications\Oracle\product\11.2.0\client_1\bin;C:\Windows\system32;C:\Windows;C:\Windows\System32\Wbem;C:\Windows\idmu\common;C:\Program Files\Imprimerie Nationale\PKI\bin;C:\Program Files\SafeNet\Authentication\SAC\x32;C:\Program Files\SafeNet\Authentication\SAC\x64;C:\Program Files\Java\jdk1.7.0_40\bin;C:\Program Files\TortoiseSVN\bin;C:\Apache-Ant\apache-ant-1.9.4/bin;C:\gradle\gradle-2.3\bin;C:\Maven\apache-maven-3.3.1\bin;C:\applications\vagrant\bin;C:\applications\nodejs\;C:\Windows\System32\WindowsPowerShell\v1.0\;C:\Windows\System32\WindowsPowerShell\v1.0\;C:\Program Files\Microsoft SQL Server\110\Tools\Binn\;C:\Program Files (x86)\PuTTY\;C:\applications\Git\cmd;C:\Users\QXGN2122\AppData\Roaming\npm;C:\applications\Microsoft VS Code\bin;C:\applications\Git\bin
10 verbose lifecycle ifatab_node@1.0.0~start: CWD: C:\Users\QXGN2122\Desktop\IFATAB\ifatab_node
11 silly lifecycle ifatab_node@1.0.0~start: Args: [ '/d /s /c', 'webpack-dev-server --hot' ]
12 silly lifecycle ifatab_node@1.0.0~start: Returned: code: 3221225786  signal: null
13 info lifecycle ifatab_node@1.0.0~start: Failed to exec start script
14 verbose stack Error: ifatab_node@1.0.0 start: `webpack-dev-server --hot`
14 verbose stack Exit status 3221225786
14 verbose stack     at EventEmitter.<anonymous> (C:\applications\nodejs\node_modules\npm\lib\utils\lifecycle.js:279:16)
14 verbose stack     at emitTwo (events.js:106:13)
14 verbose stack     at EventEmitter.emit (events.js:191:7)
14 verbose stack     at ChildProcess.<anonymous> (C:\applications\nodejs\node_modules\npm\lib\utils\spawn.js:40:14)
14 verbose stack     at emitTwo (events.js:106:13)
14 verbose stack     at ChildProcess.emit (events.js:191:7)
14 verbose stack     at maybeClose (internal/child_process.js:877:16)
14 verbose stack     at Process.ChildProcess._handle.onexit (internal/child_process.js:226:5)
15 verbose pkgid ifatab_node@1.0.0
16 verbose cwd C:\Users\QXGN2122\Desktop\IFATAB\ifatab_node
17 error Windows_NT 6.1.7601
18 error argv "C:\\applications\\nodejs\\node.exe" "C:\\applications\\nodejs\\node_modules\\npm\\bin\\npm-cli.js" "start"
19 error node v6.9.1
20 error npm  v4.0.2
21 error code ELIFECYCLE
22 error ifatab_node@1.0.0 start: `webpack-dev-server --hot`
22 error Exit status 3221225786
23 error Failed at the ifatab_node@1.0.0 start script 'webpack-dev-server --hot'.
23 error Make sure you have the latest version of node.js and npm installed.
23 error If you do, this is most likely a problem with the ifatab_node package,
23 error not with npm itself.
23 error Tell the author that this fails on your system:
23 error     webpack-dev-server --hot
23 error You can get information on how to open an issue for this project with:
23 error     npm bugs ifatab_node
23 error Or if that isn't available, you can get their info via:
23 error     npm owner ls ifatab_node
23 error There is likely additional logging output above.
24 verbose exit [ 1, true ]
